<?xml version="1.0" encoding="UTF-8"?>
<!-- Generated by org.testng.reporters.JUnitReportReporter -->
<testsuite skipped="0" hostname="LAPTOP-57FQFH3S" name="demo04.Demo" tests="1" failures="0" timestamp="2020-12-03T09:14:55 CST" time="0.003" errors="0">
  <testcase name="test1" time="0.003" classname="demo04.Demo"/>
  <system-out/>
</testsuite> <!-- demo04.Demo -->
