<?xml version="1.0" encoding="UTF-8"?>
<!-- Generated by org.testng.reporters.JUnitReportReporter -->
<testsuite skipped="0" hostname="LAPTOP-57FQFH3S" name="com.webtest.demo.demo" tests="1" failures="0" timestamp="2020-11-11T09:45:34 CST" time="0.005" errors="0">
  <testcase name="demo" time="0.005" classname="com.webtest.demo.demo"/>
  <system-out/>
</testsuite> <!-- com.webtest.demo.demo -->
