<?xml version="1.0" encoding="UTF-8"?>
<!-- Generated by org.testng.reporters.JUnitReportReporter -->
<testsuite skipped="0" hostname="LAPTOP-57FQFH3S" name="com.webtest.test.MenuItemPageTest" tests="1" failures="0" timestamp="2020-12-02T10:59:16 CST" time="18.917" errors="0">
  <testcase name="test55" time="18.917" classname="com.webtest.test.MenuItemPageTest"/>
  <system-out/>
</testsuite> <!-- com.webtest.test.MenuItemPageTest -->
