<?xml version="1.0" encoding="UTF-8"?>
<!-- Generated by org.testng.reporters.JUnitReportReporter -->
<testsuite skipped="0" hostname="LAPTOP-57FQFH3S" name="Test_1.PSPTest" tests="6" failures="0" timestamp="2020-11-28T08:43:19 CST" time="28.706" errors="0">
  <testcase name="test1" time="4.925" classname="Test_1.PSPTest"/>
  <system-out/>
  <testcase name="test2" time="4.034" classname="Test_1.PSPTest"/>
  <system-out/>
  <testcase name="test3" time="4.957" classname="Test_1.PSPTest"/>
  <system-out/>
  <testcase name="test5" time="4.947" classname="Test_1.PSPTest"/>
  <system-out/>
  <testcase name="test6" time="4.929" classname="Test_1.PSPTest"/>
  <system-out/>
  <testcase name="test4" time="4.914" classname="Test_1.PSPTest"/>
  <system-out/>
</testsuite> <!-- Test_1.PSPTest -->
