<?xml version="1.0" encoding="UTF-8"?>
<!-- Generated by org.testng.reporters.JUnitReportReporter -->
<testsuite skipped="0" hostname="LAPTOP-57FQFH3S" name="com.webtest.test.PlugPageTest" tests="8" failures="0" timestamp="2020-12-02T11:17:03 CST" time="23.362" errors="0">
  <testcase name="test44" time="3.946" classname="com.webtest.test.PlugPageTest"/>
  <system-out/>
  <testcase name="test48" time="1.919" classname="com.webtest.test.PlugPageTest"/>
  <system-out/>
  <testcase name="test50" time="3.089" classname="com.webtest.test.PlugPageTest"/>
  <system-out/>
  <testcase name="test46" time="6.182" classname="com.webtest.test.PlugPageTest"/>
  <system-out/>
  <testcase name="test49" time="1.117" classname="com.webtest.test.PlugPageTest"/>
  <system-out/>
  <testcase name="test45" time="1.029" classname="com.webtest.test.PlugPageTest"/>
  <system-out/>
  <testcase name="test51" time="0.386" classname="com.webtest.test.PlugPageTest"/>
  <system-out/>
  <testcase name="test47" time="5.694" classname="com.webtest.test.PlugPageTest"/>
  <system-out/>
</testsuite> <!-- com.webtest.test.PlugPageTest -->
