<?xml version="1.0" encoding="UTF-8"?>
<!-- Generated by org.testng.reporters.JUnitReportReporter -->
<testsuite skipped="0" hostname="LAPTOP-57FQFH3S" name="com.webtest.test.ParticipantSetPageTest" tests="6" failures="0" timestamp="2020-12-02T10:59:16 CST" time="51.055" errors="0">
  <testcase name="test29" time="12.632" classname="com.webtest.test.ParticipantSetPageTest"/>
  <system-out/>
  <testcase name="test33" time="4.972" classname="com.webtest.test.ParticipantSetPageTest"/>
  <system-out/>
  <testcase name="test31" time="11.440" classname="com.webtest.test.ParticipantSetPageTest"/>
  <system-out/>
  <testcase name="test34" time="4.898" classname="com.webtest.test.ParticipantSetPageTest"/>
  <system-out/>
  <testcase name="test30" time="12.169" classname="com.webtest.test.ParticipantSetPageTest"/>
  <system-out/>
  <testcase name="test32" time="4.944" classname="com.webtest.test.ParticipantSetPageTest"/>
  <system-out/>
</testsuite> <!-- com.webtest.test.ParticipantSetPageTest -->
