<?xml version="1.0" encoding="UTF-8"?>
<!-- Generated by org.testng.reporters.JUnitReportReporter -->
<testsuite skipped="0" hostname="LAPTOP-57FQFH3S" name="Test_1.demo" tests="8" failures="0" timestamp="2020-11-27T16:12:38 CST" time="17.692" errors="0">
  <testcase name="test5" time="1.348" classname="Test_1.demo"/>
  <system-out/>
  <testcase name="test1" time="3.561" classname="Test_1.demo"/>
  <system-out/>
  <testcase name="test3" time="1.467" classname="Test_1.demo"/>
  <system-out/>
  <testcase name="test6" time="3.531" classname="Test_1.demo"/>
  <system-out/>
  <testcase name="test4" time="1.465" classname="Test_1.demo"/>
  <system-out/>
  <testcase name="test2" time="3.485" classname="Test_1.demo"/>
  <system-out/>
  <testcase name="test7" time="1.449" classname="Test_1.demo"/>
  <system-out/>
  <testcase name="test8" time="1.386" classname="Test_1.demo"/>
  <system-out/>
</testsuite> <!-- Test_1.demo -->
