<?xml version="1.0" encoding="UTF-8"?>
<!-- Generated by org.testng.reporters.JUnitReportReporter -->
<testsuite skipped="0" hostname="LAPTOP-57FQFH3S" name="com.webtest.test.AppearancePageTest" tests="20" failures="0" timestamp="2020-12-02T10:59:16 CST" time="262.085" errors="0">
  <testcase name="test13" time="15.361" classname="com.webtest.test.AppearancePageTest"/>
  <system-out/>
  <testcase name="test26" time="22.843" classname="com.webtest.test.AppearancePageTest"/>
  <system-out/>
  <testcase name="test18" time="12.530" classname="com.webtest.test.AppearancePageTest"/>
  <system-out/>
  <testcase name="test22" time="12.595" classname="com.webtest.test.AppearancePageTest"/>
  <system-out/>
  <testcase name="test10" time="1.936" classname="com.webtest.test.AppearancePageTest"/>
  <system-out/>
  <testcase name="test14" time="12.692" classname="com.webtest.test.AppearancePageTest"/>
  <system-out/>
  <testcase name="test9" time="13.009" classname="com.webtest.test.AppearancePageTest"/>
  <system-out/>
  <testcase name="test15" time="12.625" classname="com.webtest.test.AppearancePageTest"/>
  <system-out/>
  <testcase name="test25" time="23.287" classname="com.webtest.test.AppearancePageTest"/>
  <system-out/>
  <testcase name="test23" time="12.586" classname="com.webtest.test.AppearancePageTest"/>
  <system-out/>
  <testcase name="test11" time="1.846" classname="com.webtest.test.AppearancePageTest"/>
  <system-out/>
  <testcase name="test24" time="14.960" classname="com.webtest.test.AppearancePageTest"/>
  <system-out/>
  <testcase name="test16" time="12.103" classname="com.webtest.test.AppearancePageTest"/>
  <system-out/>
  <testcase name="test12" time="16.656" classname="com.webtest.test.AppearancePageTest"/>
  <system-out/>
  <testcase name="test19" time="12.584" classname="com.webtest.test.AppearancePageTest"/>
  <system-out/>
  <testcase name="test17" time="12.526" classname="com.webtest.test.AppearancePageTest"/>
  <system-out/>
  <testcase name="test20" time="12.517" classname="com.webtest.test.AppearancePageTest"/>
  <system-out/>
  <testcase name="test21" time="11.908" classname="com.webtest.test.AppearancePageTest"/>
  <system-out/>
  <testcase name="test28" time="5.001" classname="com.webtest.test.AppearancePageTest"/>
  <system-out/>
  <testcase name="test27" time="22.520" classname="com.webtest.test.AppearancePageTest"/>
  <system-out/>
</testsuite> <!-- com.webtest.test.AppearancePageTest -->
