<?xml version="1.0" encoding="UTF-8"?>
<!-- Generated by org.testng.reporters.JUnitReportReporter -->
<testsuite skipped="0" hostname="LAPTOP-57FQFH3S" name="com.webtest.dataprovider.DEmo222" tests="2" failures="0" timestamp="2020-11-28T11:24:31 CST" time="0.007" errors="0">
  <testcase name="test1" time="0.002" classname="com.webtest.dataprovider.DEmo222"/>
  <system-out/>
  <testcase name="test1" time="0.005" classname="com.webtest.dataprovider.DEmo222"/>
  <system-out/>
</testsuite> <!-- com.webtest.dataprovider.DEmo222 -->
