<?xml version="1.0" encoding="UTF-8"?>
<!-- Generated by org.testng.reporters.JUnitReportReporter -->
<testsuite skipped="0" hostname="LAPTOP-57FQFH3S" name="com.webtest.test.NotificationDataPageTest" tests="4" failures="0" timestamp="2020-12-02T10:59:16 CST" time="23.028" errors="0">
  <testcase name="test37" time="5.137" classname="com.webtest.test.NotificationDataPageTest"/>
  <system-out/>
  <testcase name="test38" time="6.002" classname="com.webtest.test.NotificationDataPageTest"/>
  <system-out/>
  <testcase name="test36" time="5.914" classname="com.webtest.test.NotificationDataPageTest"/>
  <system-out/>
  <testcase name="test35" time="5.975" classname="com.webtest.test.NotificationDataPageTest"/>
  <system-out/>
</testsuite> <!-- com.webtest.test.NotificationDataPageTest -->
