<?xml version="1.0" encoding="UTF-8"?>
<!-- Generated by org.testng.reporters.JUnitReportReporter -->
<testsuite skipped="0" hostname="LAPTOP-57FQFH3S" name="demo02.Demo" tests="1" failures="0" timestamp="2020-12-03T08:24:33 CST" time="15.743" errors="0">
  <testcase name="test" time="15.743" classname="demo02.Demo"/>
  <system-out/>
</testsuite> <!-- demo02.Demo -->
