<?xml version="1.0" encoding="UTF-8"?>
<!-- Generated by org.testng.reporters.JUnitReportReporter -->
<testsuite skipped="8" hostname="LAPTOP-57FQFH3S" name="com.webtest.test.InverstigateOverallPageTest" tests="9" failures="0" timestamp="2020-12-02T11:31:33 CST" time="1.004" errors="1">
  <testcase name="test7" time="0.000" classname="com.webtest.test.InverstigateOverallPageTest">
    <skipped/>
  </testcase> <!-- test7 -->
  <system-out/>
  <testcase name="initClass" time="1.004" classname="com.webtest.test.InverstigateOverallPageTest">
    <error type="java.lang.NullPointerException">
      <![CDATA[java.lang.NullPointerException
at com.webtest.page.BaseTest.login(Unknown Source)
at com.webtest.test.InverstigateOverallPageTest.initClass(Unknown Source)
at sun.reflect.NativeMethodAccessorImpl.invoke0(Native Method)
at sun.reflect.NativeMethodAccessorImpl.invoke(Unknown Source)
at sun.reflect.DelegatingMethodAccessorImpl.invoke(Unknown Source)
at java.lang.reflect.Method.invoke(Unknown Source)
at org.testng.internal.MethodInvocationHelper.invokeMethod(MethodInvocationHelper.java:134)
at org.testng.internal.MethodInvocationHelper.invokeMethodConsideringTimeout(MethodInvocationHelper.java:63)
at org.testng.internal.ConfigInvoker.invokeConfigurationMethod(ConfigInvoker.java:348)
at org.testng.internal.ConfigInvoker.invokeConfigurations(ConfigInvoker.java:302)
at org.testng.internal.TestMethodWorker.invokeBeforeClassMethods(TestMethodWorker.java:176)
at org.testng.internal.TestMethodWorker.run(TestMethodWorker.java:122)
at java.util.ArrayList.forEach(Unknown Source)
at org.testng.TestRunner.privateRun(TestRunner.java:766)
at org.testng.TestRunner.run(TestRunner.java:587)
at org.testng.SuiteRunner.runTest(SuiteRunner.java:384)
at org.testng.SuiteRunner.runSequentially(SuiteRunner.java:378)
at org.testng.SuiteRunner.privateRun(SuiteRunner.java:337)
at org.testng.SuiteRunner.run(SuiteRunner.java:286)
at org.testng.SuiteRunnerWorker.runSuite(SuiteRunnerWorker.java:53)
at org.testng.SuiteRunnerWorker.run(SuiteRunnerWorker.java:96)
at org.testng.TestNG.runSuitesSequentially(TestNG.java:1187)
at org.testng.TestNG.runSuitesLocally(TestNG.java:1109)
at org.testng.TestNG.runSuites(TestNG.java:1039)
at org.testng.TestNG.run(TestNG.java:1007)
at org.testng.TestNG.privateMain(TestNG.java:1336)
at org.testng.TestNG.main(TestNG.java:1304)
]]>
    </error>
  </testcase> <!-- initClass -->
  <system-out/>
  <testcase name="test1" time="0.000" classname="com.webtest.test.InverstigateOverallPageTest">
    <skipped/>
  </testcase> <!-- test1 -->
  <system-out/>
  <testcase name="test6" time="0.000" classname="com.webtest.test.InverstigateOverallPageTest">
    <skipped/>
  </testcase> <!-- test6 -->
  <system-out/>
  <testcase name="test5" time="0.000" classname="com.webtest.test.InverstigateOverallPageTest">
    <skipped/>
  </testcase> <!-- test5 -->
  <system-out/>
  <testcase name="test3" time="0.000" classname="com.webtest.test.InverstigateOverallPageTest">
    <skipped/>
  </testcase> <!-- test3 -->
  <system-out/>
  <testcase name="test2" time="0.000" classname="com.webtest.test.InverstigateOverallPageTest">
    <skipped/>
  </testcase> <!-- test2 -->
  <system-out/>
  <testcase name="test4" time="0.000" classname="com.webtest.test.InverstigateOverallPageTest">
    <skipped/>
  </testcase> <!-- test4 -->
  <system-out/>
  <testcase name="test8" time="0.000" classname="com.webtest.test.InverstigateOverallPageTest">
    <skipped/>
  </testcase> <!-- test8 -->
  <system-out/>
</testsuite> <!-- com.webtest.test.InverstigateOverallPageTest -->
