<?xml version="1.0" encoding="UTF-8"?>
<!-- Generated by org.testng.reporters.JUnitReportReporter -->
<testsuite skipped="0" hostname="LAPTOP-57FQFH3S" name="com.webtest.test.AppearancePageTest" tests="20" failures="0" timestamp="2020-12-02T11:31:33 CST" time="319.788" errors="0">
  <testcase name="test21" time="15.188" classname="com.webtest.test.AppearancePageTest"/>
  <system-out/>
  <testcase name="test28" time="5.620" classname="com.webtest.test.AppearancePageTest"/>
  <system-out/>
  <testcase name="test18" time="15.104" classname="com.webtest.test.AppearancePageTest"/>
  <system-out/>
  <testcase name="test26" time="27.481" classname="com.webtest.test.AppearancePageTest"/>
  <system-out/>
  <testcase name="test23" time="15.117" classname="com.webtest.test.AppearancePageTest"/>
  <system-out/>
  <testcase name="test15" time="16.035" classname="com.webtest.test.AppearancePageTest"/>
  <system-out/>
  <testcase name="test11" time="2.645" classname="com.webtest.test.AppearancePageTest"/>
  <system-out/>
  <testcase name="test9" time="15.345" classname="com.webtest.test.AppearancePageTest"/>
  <system-out/>
  <testcase name="test13" time="18.469" classname="com.webtest.test.AppearancePageTest"/>
  <system-out/>
  <testcase name="test12" time="21.821" classname="com.webtest.test.AppearancePageTest"/>
  <system-out/>
  <testcase name="test20" time="16.054" classname="com.webtest.test.AppearancePageTest"/>
  <system-out/>
  <testcase name="test17" time="15.786" classname="com.webtest.test.AppearancePageTest"/>
  <system-out/>
  <testcase name="test25" time="27.381" classname="com.webtest.test.AppearancePageTest"/>
  <system-out/>
  <testcase name="test19" time="15.432" classname="com.webtest.test.AppearancePageTest"/>
  <system-out/>
  <testcase name="test10" time="2.562" classname="com.webtest.test.AppearancePageTest"/>
  <system-out/>
  <testcase name="test24" time="18.371" classname="com.webtest.test.AppearancePageTest"/>
  <system-out/>
  <testcase name="test27" time="25.028" classname="com.webtest.test.AppearancePageTest"/>
  <system-out/>
  <testcase name="test14" time="15.997" classname="com.webtest.test.AppearancePageTest"/>
  <system-out/>
  <testcase name="test22" time="14.969" classname="com.webtest.test.AppearancePageTest"/>
  <system-out/>
  <testcase name="test16" time="15.383" classname="com.webtest.test.AppearancePageTest"/>
  <system-out/>
</testsuite> <!-- com.webtest.test.AppearancePageTest -->
