<?xml version="1.0" encoding="UTF-8"?>
<!-- Generated by org.testng.reporters.JUnitReportReporter -->
<testsuite skipped="0" hostname="LAPTOP-57FQFH3S" name="com.webtest.test.NotificationDataPageTest" tests="4" failures="0" timestamp="2020-12-02T11:31:33 CST" time="24.558" errors="0">
  <testcase name="test35" time="6.390" classname="com.webtest.test.NotificationDataPageTest"/>
  <system-out/>
  <testcase name="test36" time="6.354" classname="com.webtest.test.NotificationDataPageTest"/>
  <system-out/>
  <testcase name="test38" time="6.323" classname="com.webtest.test.NotificationDataPageTest"/>
  <system-out/>
  <testcase name="test37" time="5.491" classname="com.webtest.test.NotificationDataPageTest"/>
  <system-out/>
</testsuite> <!-- com.webtest.test.NotificationDataPageTest -->
