<?xml version="1.0" encoding="UTF-8"?>
<!-- Generated by org.testng.reporters.JUnitReportReporter -->
<testsuite skipped="0" hostname="LAPTOP-57FQFH3S" name="com.webtest.test.PlugPageTest" tests="8" failures="0" timestamp="2020-12-02T11:31:33 CST" time="21.352" errors="0">
  <testcase name="test48" time="1.684" classname="com.webtest.test.PlugPageTest"/>
  <system-out/>
  <testcase name="test44" time="3.405" classname="com.webtest.test.PlugPageTest"/>
  <system-out/>
  <testcase name="test50" time="3.088" classname="com.webtest.test.PlugPageTest"/>
  <system-out/>
  <testcase name="test51" time="0.390" classname="com.webtest.test.PlugPageTest"/>
  <system-out/>
  <testcase name="test46" time="5.626" classname="com.webtest.test.PlugPageTest"/>
  <system-out/>
  <testcase name="test45" time="0.694" classname="com.webtest.test.PlugPageTest"/>
  <system-out/>
  <testcase name="test47" time="5.274" classname="com.webtest.test.PlugPageTest"/>
  <system-out/>
  <testcase name="test49" time="1.191" classname="com.webtest.test.PlugPageTest"/>
  <system-out/>
</testsuite> <!-- com.webtest.test.PlugPageTest -->
