<?xml version="1.0" encoding="UTF-8"?>
<!-- Generated by org.testng.reporters.JUnitReportReporter -->
<testsuite skipped="0" hostname="LAPTOP-57FQFH3S" name="com.webtest.test.ParticipantSetPageTest" tests="6" failures="0" timestamp="2020-12-02T11:31:33 CST" time="59.240" errors="0">
  <testcase name="test33" time="4.467" classname="com.webtest.test.ParticipantSetPageTest"/>
  <system-out/>
  <testcase name="test31" time="14.812" classname="com.webtest.test.ParticipantSetPageTest"/>
  <system-out/>
  <testcase name="test34" time="5.256" classname="com.webtest.test.ParticipantSetPageTest"/>
  <system-out/>
  <testcase name="test32" time="5.263" classname="com.webtest.test.ParticipantSetPageTest"/>
  <system-out/>
  <testcase name="test30" time="14.739" classname="com.webtest.test.ParticipantSetPageTest"/>
  <system-out/>
  <testcase name="test29" time="14.703" classname="com.webtest.test.ParticipantSetPageTest"/>
  <system-out/>
</testsuite> <!-- com.webtest.test.ParticipantSetPageTest -->
