<?xml version="1.0" encoding="UTF-8"?>
<!-- Generated by org.testng.reporters.JUnitReportReporter -->
<testsuite skipped="0" hostname="LAPTOP-57FQFH3S" name="com.webtest.test.MenuPageTeset" tests="3" failures="0" timestamp="2020-12-02T11:31:33 CST" time="23.751" errors="0">
  <testcase name="test52" time="9.920" classname="com.webtest.test.MenuPageTeset"/>
  <system-out/>
  <testcase name="test53" time="10.320" classname="com.webtest.test.MenuPageTeset"/>
  <system-out/>
  <testcase name="test54" time="3.511" classname="com.webtest.test.MenuPageTeset"/>
  <system-out/>
</testsuite> <!-- com.webtest.test.MenuPageTeset -->
