<?xml version="1.0" encoding="UTF-8"?>
<!-- Generated by org.testng.reporters.JUnitReportReporter -->
<testsuite skipped="0" hostname="LAPTOP-57FQFH3S" name="demo02.demo" tests="1" failures="0" timestamp="2020-12-02T09:43:54 CST" time="0.008" errors="0">
  <testcase name="test" time="0.008" classname="demo02.demo"/>
  <system-out/>
</testsuite> <!-- demo02.demo -->
